{"message":"Selecting username=ben and password=ben","level":"info","service":"rcs-graphql","timestamp":"2021-04-05 19:00:49"}
{"message":"Selected response=null","level":"info","service":"rcs-graphql","timestamp":"2021-04-05 19:00:49"}
{"message":"Selecting username=ben and password=ben","level":"info","service":"rcs-graphql","timestamp":"2021-04-05 19:01:24"}
{"message":"Selected response=null","level":"info","service":"rcs-graphql","timestamp":"2021-04-05 19:01:24"}
{"message":"Selecting username=ben and password=ben","level":"info","service":"rcs-graphql","timestamp":"2021-04-05 19:02:44"}
{"message":"Selected response=null","level":"info","service":"rcs-graphql","timestamp":"2021-04-05 19:02:44"}
{"message":"Selecting username=ben and password=ben","level":"info","service":"rcs-graphql","timestamp":"2021-04-05 19:03:05"}
{"message":"Selected response=null","level":"info","service":"rcs-graphql","timestamp":"2021-04-05 19:03:05"}
{"message":"Selecting username=ben and password=ben","level":"info","service":"rcs-graphql","timestamp":"2021-04-05 19:05:35"}
{"message":"Selected response=null","level":"info","service":"rcs-graphql","timestamp":"2021-04-05 19:05:35"}
{"message":"Selecting username=ben and password=ben","level":"info","service":"rcs-graphql","timestamp":"2021-04-05 19:07:25"}
{"message":"Selected response=null","level":"info","service":"rcs-graphql","timestamp":"2021-04-05 19:07:25"}
{"message":"Selecting username=ben and password=ben","level":"info","service":"rcs-graphql","timestamp":"2021-04-05 19:15:38"}
{"message":"Selected response=null","level":"info","service":"rcs-graphql","timestamp":"2021-04-05 19:15:38"}
{"message":"Selecting buildingId=4356cd0f-2a8b-45d7-ad74-3de3b06bbb85","level":"info","service":"rcs-graphql","timestamp":"2021-04-05 19:16:51"}
{"message":"Selected building=null","level":"info","service":"rcs-graphql","timestamp":"2021-04-05 19:16:51"}
{"message":"Selecting buildingId=3be64185-7d59-42cc-9afe-8afc2826bc1e","level":"info","service":"rcs-graphql","timestamp":"2021-04-05 19:17:47"}
{"message":"Selected building=null","level":"info","service":"rcs-graphql","timestamp":"2021-04-05 19:17:47"}
{"message":"Selecting buildingId=3be64185-7d59-42cc-9afe-8afc2826bc1e","level":"info","service":"rcs-graphql","timestamp":"2021-04-05 19:18:01"}
{"message":"Selected building=null","level":"info","service":"rcs-graphql","timestamp":"2021-04-05 19:18:01"}
{"message":"Selecting buildingId=3be64185-7d59-42cc-9afe-8afc2826bc1e","level":"info","service":"rcs-graphql","timestamp":"2021-04-05 19:27:08"}
{"message":"Selected building=null","level":"info","service":"rcs-graphql","timestamp":"2021-04-05 19:27:09"}
{"message":"Selecting buildingId=3be64185-7d59-42cc-9afe-8afc2826bc1e","level":"info","service":"rcs-graphql","timestamp":"2021-04-05 19:28:59"}
{"message":"Selected building={\"_id\":\"606ba87d3bd5b80d76e47a83\",\"id\":\"3be64185-7d59-42cc-9afe-8afc2826bc1e\",\"name\":\"Upson II\"}","level":"info","service":"rcs-graphql","timestamp":"2021-04-05 19:29:00"}
{"message":"Selecting username=ben and password=ben","level":"info","service":"rcs-graphql","timestamp":"2021-04-05 19:29:15"}
{"message":"Selected response={\"_id\":\"606ba4653bd5b80d76e47a82\",\"id\":\"607a930e-4433-4c68-bb73-cf0cb32eae3e\",\"username\":\"ben\",\"password\":\"ben\",\"fname\":\"benjamin\",\"lname\":\"stafford\",\"admin\":true}","level":"info","service":"rcs-graphql","timestamp":"2021-04-05 19:29:15"}
{"message":"Selecting roomId=4356cd0f-2a8b-45d7-ad74-3de3b06bbb85","level":"info","service":"rcs-graphql","timestamp":"2021-04-05 19:30:47"}
{"message":"Selected room=null","level":"info","service":"rcs-graphql","timestamp":"2021-04-05 19:30:47"}
{"message":"Selecting roomId=743e2eca-81f8-4938-8714-a1ad4325ebc3","level":"info","service":"rcs-graphql","timestamp":"2021-04-05 19:31:08"}
{"message":"Selected room={\"_id\":\"606bab643bd5b80d76e47a84\",\"id\":\"743e2eca-81f8-4938-8714-a1ad4325ebc3\",\"number\":\"203\",\"seats\":23,\"projector\":true,\"building\":\"607a930e-4433-4c68-bb73-cf0cb32eae3e\"}","level":"info","service":"rcs-graphql","timestamp":"2021-04-05 19:31:08"}
{"message":"Selecting eventId=4356cd0f-2a8b-45d7-ad74-3de3b06bbb85","level":"info","service":"rcs-graphql","timestamp":"2021-04-05 19:34:11"}
{"message":"Selected event=null","level":"info","service":"rcs-graphql","timestamp":"2021-04-05 19:34:11"}
{"message":"Selecting eventId=4c0989be-d152-43d7-9f2c-a7c2802ca73f","level":"info","service":"rcs-graphql","timestamp":"2021-04-05 19:34:54"}
{"message":"Selected event={\"_id\":\"606babdc3bd5b80d76e47a85\",\"id\":\"4c0989be-d152-43d7-9f2c-a7c2802ca73f\",\"title\":\"Interview\",\"date\":\"2020-03-03\",\"startTime\":\"08:00:00\",\"endTime\":\"13:00:00\",\"recur\":\"MWF\",\"room\":\"743e2eca-81f8-4938-8714-a1ad4325ebc3\",\"user\":\"607a930e-4433-4c68-bb73-cf0cb32eae3e\"}","level":"info","service":"rcs-graphql","timestamp":"2021-04-05 19:34:55"}
{"message":"Selecting eventId=4c0989be-d152-43d7-9f2c-a7c2802ca73f","level":"info","service":"rcs-graphql","timestamp":"2021-04-05 19:36:02"}
{"message":"Selected event={\"_id\":\"606babdc3bd5b80d76e47a85\",\"id\":\"4c0989be-d152-43d7-9f2c-a7c2802ca73f\",\"title\":\"Interview\",\"date\":\"2020-03-03\",\"startTime\":\"08:00:00\",\"endTime\":\"13:00:00\",\"recur\":\"MWF\",\"room\":\"743e2eca-81f8-4938-8714-a1ad4325ebc3\",\"user\":\"607a930e-4433-4c68-bb73-cf0cb32eae3e\"}","level":"info","service":"rcs-graphql","timestamp":"2021-04-05 19:36:02"}
{"message":"Selecting username=ben and password=ben","level":"info","service":"rcs-graphql","timestamp":"2021-04-05 19:36:09"}
{"message":"Selected response={\"_id\":\"606ba4653bd5b80d76e47a82\",\"id\":\"607a930e-4433-4c68-bb73-cf0cb32eae3e\",\"username\":\"ben\",\"password\":\"ben\",\"fname\":\"benjamin\",\"lname\":\"stafford\",\"admin\":true}","level":"info","service":"rcs-graphql","timestamp":"2021-04-05 19:36:09"}
{"message":"Selecting roomId=743e2eca-81f8-4938-8714-a1ad4325ebc3","level":"info","service":"rcs-graphql","timestamp":"2021-04-05 19:47:29"}
{"message":"Selected room={\"_id\":\"606bab643bd5b80d76e47a84\",\"id\":\"743e2eca-81f8-4938-8714-a1ad4325ebc3\",\"number\":\"203\",\"seats\":23,\"projector\":true}","level":"info","service":"rcs-graphql","timestamp":"2021-04-05 19:47:29"}
{"message":"Selecting roomId=743e2eca-81f8-4938-8714-a1ad4325ebc3","level":"info","service":"rcs-graphql","timestamp":"2021-04-05 19:48:13"}
{"message":"Selected room={\"_id\":\"606bab643bd5b80d76e47a84\",\"id\":\"743e2eca-81f8-4938-8714-a1ad4325ebc3\",\"number\":\"203\",\"seats\":23,\"projector\":true}","level":"info","service":"rcs-graphql","timestamp":"2021-04-05 19:48:13"}
